#
# A fatal error has been detected by the Java Runtime Environment:
#
#  EXCEPTION_STACK_OVERFLOW (0xc00000fd) at pc=0x0000000075f94d37, pid=106748, tid=0x000000000002be3c
#
# JRE version: Java(TM) SE Runtime Environment (8.0_191-b12) (build 1.8.0_191-b12)
# Java VM: Java HotSpot(TM) 64-Bit Server VM (25.191-b12 mixed mode windows-amd64 compressed oops)
# Problematic frame:
# V  [jvm.dll+0x214d37]
#
# Failed to write core dump. Minidumps are not enabled by default on client versions of Windows
#
# If you would like to submit a bug report, please visit:
#   http://bugreport.java.com/bugreport/crash.jsp
#

---------------  T H R E A D  ---------------

Current thread (0x000000002509e800):  JavaThread "HikariPool-1 connection closer" daemon [_thread_in_vm, id=179772, stack(0x0000000001580000,0x0000000001680000)]

siginfo: ExceptionCode=0xc00000fd, ExceptionInformation=0x0000000000000001 0x000000000167d3b0 

Registers:
RAX=0x000000000167d3b0, RBX=0x0000000000000003, RCX=0x0000000000002000, RDX=0x0000000000000006
RSP=0x000000000167f3b0, RBP=0x0000000000000000, RSI=0x000000000167f3b0, RDI=0x0000000000000003
R8 =0x0000000000000006, R9 =0x000000002571ab40, R10=0x000000001cd1e1d8, R11=0x000000000158a148
R12=0x000000002571ab40, R13=0x000000002509e800, R14=0x000000000167f478, R15=0x000000001cd1e1d8
RIP=0x0000000075f94d37, EFLAGS=0x0000000000010202

Top of Stack: (sp=0x000000000167f3b0)
0x000000000167f3b0:   00003d747f1a2920 00000007c0006bd0
0x000000000167f3c0:   000000002509e800 000000002571ab40
0x000000000167f3d0:   00000000ffffffff 0000000075f95c67
0x000000000167f3e0:   000000000167f4e0 000000001cd1e1d8
0x000000000167f3f0:   000000002509e800 0000000075e41213
0x000000000167f400:   000000000167f440 000000002509e800
0x000000000167f410:   000000000167f4d0 000000002509e800
0x000000000167f420:   000000001cd1e1d8 000000002509e800
0x000000000167f430:   0000000003a56e60 000000002509e800
0x000000000167f440:   000000001cd1e1d8 000000002509e800
0x000000000167f450:   000000001cd1e1d8 000000002509e800
0x000000000167f460:   0000000000000001 000000001cd1e1d8
0x000000000167f470:   000000002509e800 00000000209fa500
0x000000000167f480:   000000002509e800 0000000075e4297d
0x000000000167f490:   000000000167f798 00000007c0006bd0
0x000000000167f4a0:   00000007c0006bd0 0000000000000000 

Instructions: (pc=0x0000000075f94d37)
0x0000000075f94d17:   48 89 6c 24 30 33 ed 66 90 e8 1b 4e 08 00 ff c3
0x0000000075f94d27:   48 63 c8 48 8b c6 48 0f af cf 48 ff c7 48 2b c1
0x0000000075f94d37:   89 28 48 63 c3 48 3b 05 65 8b 59 00 7e db 48 8b
0x0000000075f94d47:   6c 24 30 48 8b 5c 24 38 48 8b 74 24 40 48 83 c4 


Register to memory mapping:

RAX=0x000000000167d3b0 is pointing into the stack for thread: 0x000000002509e800
RBX=0x0000000000000003 is an unknown value
RCX=0x0000000000002000 is an unknown value
RDX=0x0000000000000006 is an unknown value
RSP=0x000000000167f3b0 is pointing into the stack for thread: 0x000000002509e800
RBP=0x0000000000000000 is an unknown value
RSI=0x000000000167f3b0 is pointing into the stack for thread: 0x000000002509e800
RDI=0x0000000000000003 is an unknown value
R8 =0x0000000000000006 is an unknown value
R9 =0x000000002571ab40 is an unknown value
R10={method} {0x000000001cd1e1e0} 'run' '()V' in 'java/lang/Thread'
R11=0x000000000158a148 is pointing into the stack for thread: 0x000000002509e800
R12=0x000000002571ab40 is an unknown value
R13=0x000000002509e800 is a thread
R14=0x000000000167f478 is pointing into the stack for thread: 0x000000002509e800
R15={method} {0x000000001cd1e1e0} 'run' '()V' in 'java/lang/Thread'


Stack: [0x0000000001580000,0x0000000001680000],  sp=0x000000000167f3b0,  free space=1020k
Native frames: (J=compiled Java code, j=interpreted, Vv=VM code, C=native code)


---------------  P R O C E S S  ---------------

Java Threads: ( => current thread )
  0x00000000250a6000 JavaThread "HikariPool-1 connection adder" daemon [_thread_blocked, id=176304, stack(0x00000000016a0000,0x00000000017a0000)]
=>0x000000002509e800 JavaThread "HikariPool-1 connection closer" daemon [_thread_in_vm, id=179772, stack(0x0000000001580000,0x0000000001680000)]
  0x00000000250a4000 JavaThread "DestroyJavaVM" [_thread_blocked, id=98672, stack(0x0000000003660000,0x0000000003760000)]
  0x00000000250a4800 JavaThread "http-nio-15000-Acceptor" daemon [_thread_in_native, id=101240, stack(0x0000000027320000,0x0000000027420000)]
  0x00000000250a5800 JavaThread "http-nio-15000-Poller" daemon [_thread_in_native, id=92312, stack(0x0000000027220000,0x0000000027320000)]
  0x000000002509c800 JavaThread "http-nio-15000-exec-10" daemon [_thread_blocked, id=104896, stack(0x0000000027120000,0x0000000027220000)]
  0x000000002509e000 JavaThread "http-nio-15000-exec-9" daemon [_thread_blocked, id=105576, stack(0x0000000027020000,0x0000000027120000)]
  0x00000000250a2800 JavaThread "http-nio-15000-exec-8" daemon [_thread_blocked, id=96504, stack(0x0000000026f20000,0x0000000027020000)]
  0x000000002509d000 JavaThread "http-nio-15000-exec-7" daemon [_thread_blocked, id=93152, stack(0x0000000026e20000,0x0000000026f20000)]
  0x00000000250a3000 JavaThread "http-nio-15000-exec-6" daemon [_thread_blocked, id=100396, stack(0x0000000026d20000,0x0000000026e20000)]
  0x00000000250a1800 JavaThread "http-nio-15000-exec-5" daemon [_thread_blocked, id=106712, stack(0x0000000026c20000,0x0000000026d20000)]
  0x00000000250a1000 JavaThread "http-nio-15000-exec-4" daemon [_thread_blocked, id=23704, stack(0x0000000026b20000,0x0000000026c20000)]
  0x00000000250a0000 JavaThread "http-nio-15000-exec-3" daemon [_thread_blocked, id=100648, stack(0x0000000026a20000,0x0000000026b20000)]
  0x000000001f04e000 JavaThread "http-nio-15000-exec-2" daemon [_thread_blocked, id=100916, stack(0x0000000026920000,0x0000000026a20000)]
  0x000000001f04e800 JavaThread "http-nio-15000-exec-1" daemon [_thread_blocked, id=107348, stack(0x0000000026820000,0x0000000026920000)]
  0x000000001f04f800 JavaThread "File Watcher" daemon [_thread_blocked, id=108728, stack(0x0000000026720000,0x0000000026820000)]
  0x000000001f04d000 JavaThread "HikariPool-1 housekeeper" daemon [_thread_blocked, id=104852, stack(0x0000000024750000,0x0000000024850000)]
  0x0000000022c0e800 JavaThread "container-0" [_thread_blocked, id=108016, stack(0x0000000024150000,0x0000000024250000)]
  0x0000000022c0d800 JavaThread "Catalina-utility-2" [_thread_blocked, id=103664, stack(0x0000000024050000,0x0000000024150000)]
  0x0000000022c0b800 JavaThread "Catalina-utility-1" [_thread_blocked, id=105380, stack(0x0000000023150000,0x0000000023250000)]
  0x0000000020b3a000 JavaThread "RMI Scheduler(0)" daemon [_thread_blocked, id=99988, stack(0x0000000021d80000,0x0000000021e80000)]
  0x00000000206e2000 JavaThread "RMI TCP Accept-0" daemon [_thread_in_native, id=104412, stack(0x00000000211a0000,0x00000000212a0000)]
  0x00000000204d1800 JavaThread "Service Thread" daemon [_thread_blocked, id=108996, stack(0x00000000210a0000,0x00000000211a0000)]
  0x0000000020424000 JavaThread "C1 CompilerThread3" daemon [_thread_blocked, id=107240, stack(0x0000000020fa0000,0x00000000210a0000)]
  0x0000000020423000 JavaThread "C2 CompilerThread2" daemon [_thread_blocked, id=106000, stack(0x0000000020ea0000,0x0000000020fa0000)]
  0x0000000020402000 JavaThread "C2 CompilerThread1" daemon [_thread_blocked, id=107776, stack(0x0000000020da0000,0x0000000020ea0000)]
  0x0000000020401000 JavaThread "C2 CompilerThread0" daemon [_thread_blocked, id=107264, stack(0x0000000020ca0000,0x0000000020da0000)]
  0x000000001edd4000 JavaThread "Attach Listener" daemon [_thread_blocked, id=89604, stack(0x00000000202a0000,0x00000000203a0000)]
  0x000000001edd2800 JavaThread "Signal Dispatcher" daemon [_thread_blocked, id=100484, stack(0x00000000201a0000,0x00000000202a0000)]
  0x000000001d6e6000 JavaThread "Finalizer" daemon [_thread_blocked, id=108008, stack(0x0000000020010000,0x0000000020110000)]
  0x000000001edb3000 JavaThread "Reference Handler" daemon [_thread_blocked, id=94760, stack(0x000000001ff10000,0x0000000020010000)]

Other Threads:
  0x000000001ed92000 VMThread [stack: 0x000000001fe10000,0x000000001ff10000] [id=99256]
  0x00000000206eb000 WatcherThread [stack: 0x00000000212a0000,0x00000000213a0000] [id=100732]

VM state:not at safepoint (normal execution)

VM Mutex/Monitor currently owned by a thread: None

Heap:
 PSYoungGen      total 47616K, used 26699K [0x000000076b000000, 0x000000076f400000, 0x00000007c0000000)
  eden space 46592K, 56% used [0x000000076b000000,0x000000076c99acb0,0x000000076dd80000)
  from space 1024K, 46% used [0x000000076f200000,0x000000076f278000,0x000000076f300000)
  to   space 1024K, 0% used [0x000000076f300000,0x000000076f300000,0x000000076f400000)
 ParOldGen       total 196096K, used 28729K [0x00000006c1000000, 0x00000006ccf80000, 0x000000076b000000)
  object space 196096K, 14% used [0x00000006c1000000,0x00000006c2c0e698,0x00000006ccf80000)
 Metaspace       used 63513K, capacity 67622K, committed 67928K, reserved 1107968K
  class space    used 8525K, capacity 9250K, committed 9344K, reserved 1048576K

Card table byte_map: [0x0000000012dd0000,0x00000000135d0000] byte_map_base: 0x000000000f7c8000

Marking Bits: (ParMarkBitMap*) 0x00000000765a3e30
 Begin Bits: [0x0000000014520000, 0x00000000184e0000)
 End Bits:   [0x00000000184e0000, 0x000000001c4a0000)

Polling page: 0x0000000001960000

CodeCache: size=245760Kb used=10911Kb max_used=10911Kb free=234848Kb
 bounds [0x0000000003a10000, 0x00000000044c0000, 0x0000000012a10000]
 total_blobs=6257 nmethods=5656 adapters=513
 compilation: enabled

Compilation events (10 events):
Event: 158169.684 Thread 0x0000000020424000 5778       1       sun.net.spi.DefaultProxySelector$3::run (5 bytes)
Event: 158169.684 Thread 0x0000000020424000 nmethod 5778 0x00000000044b7c90 code [0x00000000044b7de0, 0x00000000044b7f08]
Event: 158169.685 Thread 0x0000000020424000 5779   !   1       java.net.AbstractPlainSocketImpl::connect (118 bytes)
Event: 158169.685 Thread 0x0000000020424000 nmethod 5779 0x00000000044b7f90 code [0x00000000044b8180, 0x00000000044b8678]
Event: 158169.685 Thread 0x0000000020424000 5780       1       java.net.AbstractPlainSocketImpl::connectToAddress (27 bytes)
Event: 158169.685 Thread 0x0000000020424000 nmethod 5780 0x00000000044b8bd0 code [0x00000000044b8d60, 0x00000000044b8f38]
Event: 158169.686 Thread 0x0000000020424000 5781  s!   1       java.net.AbstractPlainSocketImpl::doConnect (156 bytes)
Event: 158169.686 Thread 0x0000000020424000 nmethod 5781 0x00000000044b9010 code [0x00000000044b9200, 0x00000000044b9a68]
Event: 158169.686 Thread 0x0000000020424000 5782   !   1       java.net.DualStackPlainSocketImpl::socketConnect (101 bytes)
Event: 158169.686 Thread 0x0000000020424000 nmethod 5782 0x00000000044b9fd0 code [0x00000000044ba1a0, 0x00000000044ba4e8]

GC Heap History (10 events):
Event: 224887.496 GC heap before
{Heap before GC invocations=264 (full 3):
 PSYoungGen      total 47104K, used 47056K [0x000000076b000000, 0x000000076f500000, 0x00000007c0000000)
  eden space 46592K, 100% used [0x000000076b000000,0x000000076dd80000,0x000000076dd80000)
  from space 512K, 90% used [0x000000076f480000,0x000000076f4f4030,0x000000076f500000)
  to   space 1024K, 0% used [0x000000076f300000,0x000000076f300000,0x000000076f400000)
 ParOldGen       total 196096K, used 28729K [0x00000006c1000000, 0x00000006ccf80000, 0x000000076b000000)
  object space 196096K, 14% used [0x00000006c1000000,0x00000006c2c0e698,0x00000006ccf80000)
 Metaspace       used 63513K, capacity 67622K, committed 67928K, reserved 1107968K
  class space    used 8525K, capacity 9250K, committed 9344K, reserved 1048576K
Event: 224887.498 GC heap after
Heap after GC invocations=264 (full 3):
 PSYoungGen      total 47616K, used 448K [0x000000076b000000, 0x000000076f500000, 0x00000007c0000000)
  eden space 46592K, 0% used [0x000000076b000000,0x000000076b000000,0x000000076dd80000)
  from space 1024K, 43% used [0x000000076f300000,0x000000076f370020,0x000000076f400000)
  to   space 1024K, 0% used [0x000000076f400000,0x000000076f400000,0x000000076f500000)
 ParOldGen       total 196096K, used 28729K [0x00000006c1000000, 0x00000006ccf80000, 0x000000076b000000)
  object space 196096K, 14% used [0x00000006c1000000,0x00000006c2c0e698,0x00000006ccf80000)
 Metaspace       used 63513K, capacity 67622K, committed 67928K, reserved 1107968K
  class space    used 8525K, capacity 9250K, committed 9344K, reserved 1048576K
}
Event: 225491.727 GC heap before
{Heap before GC invocations=265 (full 3):
 PSYoungGen      total 47616K, used 47040K [0x000000076b000000, 0x000000076f500000, 0x00000007c0000000)
  eden space 46592K, 100% used [0x000000076b000000,0x000000076dd80000,0x000000076dd80000)
  from space 1024K, 43% used [0x000000076f300000,0x000000076f370020,0x000000076f400000)
  to   space 1024K, 0% used [0x000000076f400000,0x000000076f400000,0x000000076f500000)
 ParOldGen       total 196096K, used 28729K [0x00000006c1000000, 0x00000006ccf80000, 0x000000076b000000)
  object space 196096K, 14% used [0x00000006c1000000,0x00000006c2c0e698,0x00000006ccf80000)
 Metaspace       used 63513K, capacity 67622K, committed 67928K, reserved 1107968K
  class space    used 8525K, capacity 9250K, committed 9344K, reserved 1048576K
Event: 225491.729 GC heap after
Heap after GC invocations=265 (full 3):
 PSYoungGen      total 47104K, used 400K [0x000000076b000000, 0x000000076f480000, 0x00000007c0000000)
  eden space 46592K, 0% used [0x000000076b000000,0x000000076b000000,0x000000076dd80000)
  from space 512K, 78% used [0x000000076f400000,0x000000076f464030,0x000000076f480000)
  to   space 1024K, 0% used [0x000000076f280000,0x000000076f280000,0x000000076f380000)
 ParOldGen       total 196096K, used 28729K [0x00000006c1000000, 0x00000006ccf80000, 0x000000076b000000)
  object space 196096K, 14% used [0x00000006c1000000,0x00000006c2c0e698,0x00000006ccf80000)
 Metaspace       used 63513K, capacity 67622K, committed 67928K, reserved 1107968K
  class space    used 8525K, capacity 9250K, committed 9344K, reserved 1048576K
}
Event: 226050.739 GC heap before
{Heap before GC invocations=266 (full 3):
 PSYoungGen      total 47104K, used 46992K [0x000000076b000000, 0x000000076f480000, 0x00000007c0000000)
  eden space 46592K, 100% used [0x000000076b000000,0x000000076dd80000,0x000000076dd80000)
  from space 512K, 78% used [0x000000076f400000,0x000000076f464030,0x000000076f480000)
  to   space 1024K, 0% used [0x000000076f280000,0x000000076f280000,0x000000076f380000)
 ParOldGen       total 196096K, used 28729K [0x00000006c1000000, 0x00000006ccf80000, 0x000000076b000000)
  object space 196096K, 14% used [0x00000006c1000000,0x00000006c2c0e698,0x00000006ccf80000)
 Metaspace       used 63513K, capacity 67622K, committed 67928K, reserved 1107968K
  class space    used 8525K, capacity 9250K, committed 9344K, reserved 1048576K
Event: 226050.744 GC heap after
Heap after GC invocations=266 (full 3):
 PSYoungGen      total 47616K, used 528K [0x000000076b000000, 0x000000076f480000, 0x00000007c0000000)
  eden space 46592K, 0% used [0x000000076b000000,0x000000076b000000,0x000000076dd80000)
  from space 1024K, 51% used [0x000000076f280000,0x000000076f304030,0x000000076f380000)
  to   space 1024K, 0% used [0x000000076f380000,0x000000076f380000,0x000000076f480000)
 ParOldGen       total 196096K, used 28729K [0x00000006c1000000, 0x00000006ccf80000, 0x000000076b000000)
  object space 196096K, 14% used [0x00000006c1000000,0x00000006c2c0e698,0x00000006ccf80000)
 Metaspace       used 63513K, capacity 67622K, committed 67928K, reserved 1107968K
  class space    used 8525K, capacity 9250K, committed 9344K, reserved 1048576K
}
Event: 226659.048 GC heap before
{Heap before GC invocations=267 (full 3):
 PSYoungGen      total 47616K, used 47120K [0x000000076b000000, 0x000000076f480000, 0x00000007c0000000)
  eden space 46592K, 100% used [0x000000076b000000,0x000000076dd80000,0x000000076dd80000)
  from space 1024K, 51% used [0x000000076f280000,0x000000076f304030,0x000000076f380000)
  to   space 1024K, 0% used [0x000000076f380000,0x000000076f380000,0x000000076f480000)
 ParOldGen       total 196096K, used 28729K [0x00000006c1000000, 0x00000006ccf80000, 0x000000076b000000)
  object space 196096K, 14% used [0x00000006c1000000,0x00000006c2c0e698,0x00000006ccf80000)
 Metaspace       used 63513K, capacity 67622K, committed 67928K, reserved 1107968K
  class space    used 8525K, capacity 9250K, committed 9344K, reserved 1048576K
Event: 226659.050 GC heap after
Heap after GC invocations=267 (full 3):
 PSYoungGen      total 47104K, used 400K [0x000000076b000000, 0x000000076f400000, 0x00000007c0000000)
  eden space 46592K, 0% used [0x000000076b000000,0x000000076b000000,0x000000076dd80000)
  from space 512K, 78% used [0x000000076f380000,0x000000076f3e4010,0x000000076f400000)
  to   space 1024K, 0% used [0x000000076f200000,0x000000076f200000,0x000000076f300000)
 ParOldGen       total 196096K, used 28729K [0x00000006c1000000, 0x00000006ccf80000, 0x000000076b000000)
  object space 196096K, 14% used [0x00000006c1000000,0x00000006c2c0e698,0x00000006ccf80000)
 Metaspace       used 63513K, capacity 67622K, committed 67928K, reserved 1107968K
  class space    used 8525K, capacity 9250K, committed 9344K, reserved 1048576K
}
Event: 227261.078 GC heap before
{Heap before GC invocations=268 (full 3):
 PSYoungGen      total 47104K, used 46992K [0x000000076b000000, 0x000000076f400000, 0x00000007c0000000)
  eden space 46592K, 100% used [0x000000076b000000,0x000000076dd80000,0x000000076dd80000)
  from space 512K, 78% used [0x000000076f380000,0x000000076f3e4010,0x000000076f400000)
  to   space 1024K, 0% used [0x000000076f200000,0x000000076f200000,0x000000076f300000)
 ParOldGen       total 196096K, used 28729K [0x00000006c1000000, 0x00000006ccf80000, 0x000000076b000000)
  object space 196096K, 14% used [0x00000006c1000000,0x00000006c2c0e698,0x00000006ccf80000)
 Metaspace       used 63513K, capacity 67622K, committed 67928K, reserved 1107968K
  class space    used 8525K, capacity 9250K, committed 9344K, reserved 1048576K
Event: 227261.080 GC heap after
Heap after GC invocations=268 (full 3):
 PSYoungGen      total 47616K, used 480K [0x000000076b000000, 0x000000076f400000, 0x00000007c0000000)
  eden space 46592K, 0% used [0x000000076b000000,0x000000076b000000,0x000000076dd80000)
  from space 1024K, 46% used [0x000000076f200000,0x000000076f278000,0x000000076f300000)
  to   space 1024K, 0% used [0x000000076f300000,0x000000076f300000,0x000000076f400000)
 ParOldGen       total 196096K, used 28729K [0x00000006c1000000, 0x00000006ccf80000, 0x000000076b000000)
  object space 196096K, 14% used [0x00000006c1000000,0x00000006c2c0e698,0x00000006ccf80000)
 Metaspace       used 63513K, capacity 67622K, committed 67928K, reserved 1107968K
  class space    used 8525K, capacity 9250K, committed 9344K, reserved 1048576K
}

Deoptimization events (0 events):
No events

Classes redefined (0 events):
No events

Internal exceptions (10 events):
Event: 33.751 Thread 0x000000001f04e000 Exception <a 'java/lang/NoSuchMethodError': java.lang.Object.lambda$static$0(Lorg/hibernate/type/EntityType;Ljava/lang/Object;Lorg/hibernate/engine/spi/SharedSessionContractImplementor;Ljava/lang/Object;Ljava/lang/Boolean;)Ljava/lang/Object;> (0x000000076
Event: 33.762 Thread 0x000000001f04e000 Exception <a 'java/lang/ArrayIndexOutOfBoundsException'> (0x000000076f2887d0) thrown at [C:\re\workspace\8-2-build-windows-amd64-cygwin\jdk8u191\11896\hotspot\src\share\vm\runtime\sharedRuntime.cpp, line 605]
Event: 33.866 Thread 0x000000001f04e000 Exception <a 'java/lang/ArrayIndexOutOfBoundsException'> (0x000000076f961730) thrown at [C:\re\workspace\8-2-build-windows-amd64-cygwin\jdk8u191\11896\hotspot\src\share\vm\runtime\sharedRuntime.cpp, line 605]
Event: 33.866 Thread 0x000000001f04e000 Exception <a 'java/lang/ArrayIndexOutOfBoundsException'> (0x000000076f962db8) thrown at [C:\re\workspace\8-2-build-windows-amd64-cygwin\jdk8u191\11896\hotspot\src\share\vm\runtime\sharedRuntime.cpp, line 605]
Event: 33.887 Thread 0x000000001f04e000 Exception <a 'java/lang/ArrayIndexOutOfBoundsException'> (0x000000076fb024c0) thrown at [C:\re\workspace\8-2-build-windows-amd64-cygwin\jdk8u191\11896\hotspot\src\share\vm\runtime\sharedRuntime.cpp, line 605]
Event: 33.887 Thread 0x000000001f04e000 Exception <a 'java/lang/ArrayIndexOutOfBoundsException'> (0x000000076fb1e450) thrown at [C:\re\workspace\8-2-build-windows-amd64-cygwin\jdk8u191\11896\hotspot\src\share\vm\runtime\sharedRuntime.cpp, line 605]
Event: 33.889 Thread 0x000000001f04e000 Exception <a 'java/lang/ArrayIndexOutOfBoundsException'> (0x000000076fb387f8) thrown at [C:\re\workspace\8-2-build-windows-amd64-cygwin\jdk8u191\11896\hotspot\src\share\vm\runtime\sharedRuntime.cpp, line 605]
Event: 158312.480 Thread 0x000000002509e800 Exception <a 'java/net/SocketTimeoutException': Read timed out> (0x000000076bd258d8) thrown at [C:\re\workspace\8-2-build-windows-amd64-cygwin\jdk8u191\11896\hotspot\src\share\vm\prims\jni.cpp, line 735]
Event: 182152.883 Thread 0x000000002041b800 Exception <a 'sun/net/ConnectionResetException': > (0x000000076d36cb28) thrown at [C:\re\workspace\8-2-build-windows-amd64-cygwin\jdk8u191\11896\hotspot\src\share\vm\prims\jni.cpp, line 735]
Event: 182152.883 Thread 0x000000002041b800 Exception <a 'sun/net/ConnectionResetException': > (0x000000076d36cd58) thrown at [C:\re\workspace\8-2-build-windows-amd64-cygwin\jdk8u191\11896\hotspot\src\share\vm\prims\jni.cpp, line 735]

Events (10 events):
Event: 227553.227 Thread 0x000000002509e800 Thread added: 0x000000002509e800
Event: 227553.227 Thread 0x00000000250a6000 Thread added: 0x00000000250a6000
Event: 227558.230 Executing VM operation: RevokeBias
Event: 227558.230 Executing VM operation: RevokeBias done
Event: 227558.230 Thread 0x000000002509e800 Thread exited: 0x000000002509e800
Event: 227558.230 Executing VM operation: RevokeBias
Event: 227558.230 Executing VM operation: RevokeBias done
Event: 227558.230 Thread 0x00000000250a6000 Thread exited: 0x00000000250a6000
Event: 227572.172 Thread 0x000000002509e800 Thread added: 0x000000002509e800
Event: 227572.172 Thread 0x00000000250a6000 Thread added: 0x00000000250a6000


Dynamic libraries:
0x00007ff7cd200000 - 0x00007ff7cd237000 	C:\Java\jdk1.8.0_191\bin\java.exe
0x00007fffd9030000 - 0x00007fffd9228000 	C:\WINDOWS\SYSTEM32\ntdll.dll
0x00007fffd7c90000 - 0x00007fffd7d4d000 	C:\WINDOWS\System32\KERNEL32.DLL
0x00007fffd6750000 - 0x00007fffd6a1e000 	C:\WINDOWS\System32\KERNELBASE.dll
0x00007fffd8f10000 - 0x00007fffd8fbe000 	C:\WINDOWS\System32\ADVAPI32.dll
0x00007fffd8e50000 - 0x00007fffd8eee000 	C:\WINDOWS\System32\msvcrt.dll
0x00007fffd80c0000 - 0x00007fffd815c000 	C:\WINDOWS\System32\sechost.dll
0x00007fffd7190000 - 0x00007fffd72b5000 	C:\WINDOWS\System32\RPCRT4.dll
0x00007fffd8ca0000 - 0x00007fffd8e40000 	C:\WINDOWS\System32\USER32.dll
0x00007fffd6e40000 - 0x00007fffd6e62000 	C:\WINDOWS\System32\win32u.dll
0x00007fffd8fc0000 - 0x00007fffd8fea000 	C:\WINDOWS\System32\GDI32.dll
0x00007fffd6be0000 - 0x00007fffd6ceb000 	C:\WINDOWS\System32\gdi32full.dll
0x00007fffd6da0000 - 0x00007fffd6e3d000 	C:\WINDOWS\System32\msvcp_win.dll
0x00007fffd6a70000 - 0x00007fffd6b70000 	C:\WINDOWS\System32\ucrtbase.dll
0x00007fffc9540000 - 0x00007fffc97da000 	C:\WINDOWS\WinSxS\amd64_microsoft.windows.common-controls_6595b64144ccf1df_6.0.19041.1110_none_60b5254171f9507e\COMCTL32.dll
0x00007fffd7150000 - 0x00007fffd7180000 	C:\WINDOWS\System32\IMM32.DLL
0x0000000077b10000 - 0x0000000077be2000 	C:\Java\jdk1.8.0_191\jre\bin\msvcr100.dll
0x0000000075d80000 - 0x0000000076624000 	C:\Java\jdk1.8.0_191\jre\bin\server\jvm.dll
0x00007fffd8e40000 - 0x00007fffd8e48000 	C:\WINDOWS\System32\PSAPI.DLL
0x00007fffcef70000 - 0x00007fffcef7a000 	C:\WINDOWS\SYSTEM32\VERSION.dll
0x00007fffc5a20000 - 0x00007fffc5a47000 	C:\WINDOWS\SYSTEM32\WINMM.dll
0x00007fffc81a0000 - 0x00007fffc81a9000 	C:\WINDOWS\SYSTEM32\WSOCK32.dll
0x00007fffd7e00000 - 0x00007fffd7e6b000 	C:\WINDOWS\System32\WS2_32.dll
0x00000000500c0000 - 0x00000000500cf000 	C:\Java\jdk1.8.0_191\jre\bin\verify.dll
0x0000000050090000 - 0x00000000500b9000 	C:\Java\jdk1.8.0_191\jre\bin\java.dll
0x0000000077ae0000 - 0x0000000077b03000 	C:\Java\jdk1.8.0_191\jre\bin\instrument.dll
0x0000000050070000 - 0x0000000050086000 	C:\Java\jdk1.8.0_191\jre\bin\zip.dll
0x00007fffd8550000 - 0x00007fffd8c93000 	C:\WINDOWS\System32\SHELL32.dll
0x00007fffd4630000 - 0x00007fffd4dc5000 	C:\WINDOWS\SYSTEM32\windows.storage.dll
0x00007fffd8160000 - 0x00007fffd84b4000 	C:\WINDOWS\System32\combase.dll
0x00007fffd61b0000 - 0x00007fffd61e0000 	C:\WINDOWS\SYSTEM32\Wldp.dll
0x00007fffd7d50000 - 0x00007fffd7dfd000 	C:\WINDOWS\System32\SHCORE.dll
0x00007fffd70f0000 - 0x00007fffd7145000 	C:\WINDOWS\System32\shlwapi.dll
0x00007fffd6690000 - 0x00007fffd66af000 	C:\WINDOWS\SYSTEM32\profapi.dll
0x00007fffd1d90000 - 0x00007fffd1daa000 	C:\Program Files\JetBrains\IntelliJ IDEA 2021.2.2\bin\breakgen64.dll
0x0000000050050000 - 0x000000005006a000 	C:\Java\jdk1.8.0_191\jre\bin\net.dll
0x00007fffd5f10000 - 0x00007fffd5f7a000 	C:\WINDOWS\system32\mswsock.dll
0x00007fffd5bf0000 - 0x00007fffd5cba000 	C:\WINDOWS\SYSTEM32\DNSAPI.dll
0x00007fffd5bb0000 - 0x00007fffd5beb000 	C:\WINDOWS\SYSTEM32\IPHLPAPI.DLL
0x00007fffd7180000 - 0x00007fffd7188000 	C:\WINDOWS\System32\NSI.dll
0x00007fffcd770000 - 0x00007fffcd77a000 	C:\Windows\System32\rasadhlp.dll
0x00007fffcd790000 - 0x00007fffcd810000 	C:\WINDOWS\System32\fwpuclnt.dll
0x00007fffd6e70000 - 0x00007fffd6e97000 	C:\WINDOWS\System32\bcrypt.dll
0x0000000050020000 - 0x000000005002d000 	C:\Java\jdk1.8.0_191\jre\bin\management.dll
0x0000000050030000 - 0x0000000050041000 	C:\Java\jdk1.8.0_191\jre\bin\nio.dll
0x00007fffd6100000 - 0x00007fffd6118000 	C:\WINDOWS\SYSTEM32\CRYPTSP.dll
0x00007fffd5820000 - 0x00007fffd5854000 	C:\WINDOWS\system32\rsaenh.dll
0x00007fffd6650000 - 0x00007fffd667e000 	C:\WINDOWS\SYSTEM32\USERENV.dll
0x00007fffd6ea0000 - 0x00007fffd6f22000 	C:\WINDOWS\System32\bcryptprimitives.dll
0x00007fffd6120000 - 0x00007fffd612c000 	C:\WINDOWS\SYSTEM32\CRYPTBASE.dll
0x00007fffcfad0000 - 0x00007fffcfae7000 	C:\WINDOWS\SYSTEM32\dhcpcsvc6.DLL
0x00007fffcf9b0000 - 0x00007fffcf9cd000 	C:\WINDOWS\SYSTEM32\dhcpcsvc.DLL
0x00007fffc7e80000 - 0x00007fffc7e97000 	C:\WINDOWS\system32\napinsp.dll
0x00007fffc73a0000 - 0x00007fffc73bb000 	C:\WINDOWS\system32\pnrpnsp.dll
0x00007fffc7360000 - 0x00007fffc7375000 	C:\WINDOWS\system32\wshbth.dll
0x00007fffd1f80000 - 0x00007fffd1f9d000 	C:\WINDOWS\system32\NLAapi.dll
0x00007fffc7120000 - 0x00007fffc7132000 	C:\WINDOWS\System32\winrnr.dll
0x0000000077ab0000 - 0x0000000077ad4000 	C:\Java\jdk1.8.0_191\jre\bin\sunec.dll
0x0000000050010000 - 0x000000005001b000 	C:\Java\jdk1.8.0_191\jre\bin\sunmscapi.dll
0x00007fffd6f30000 - 0x00007fffd7086000 	C:\WINDOWS\System32\CRYPT32.dll
0x00007fffd4dd0000 - 0x00007fffd4fb4000 	C:\WINDOWS\SYSTEM32\dbghelp.dll

VM Arguments:
jvm_args: -XX:TieredStopAtLevel=1 -Xverify:none -Dspring.output.ansi.enabled=always -javaagent:C:\Program Files\JetBrains\IntelliJ IDEA 2021.2.2\lib\idea_rt.jar=63437:C:\Program Files\JetBrains\IntelliJ IDEA 2021.2.2\bin -Dcom.sun.management.jmxremote -Dspring.jmx.enabled=true -Dspring.liveBeansView.mbeanDomain -Dspring.application.admin.enabled=true -Dfile.encoding=UTF-8 
java_command: kopo.poly.SpringJwtApplication
java_class_path (initial): C:\Java\jdk1.8.0_191\jre\lib\charsets.jar;C:\Java\jdk1.8.0_191\jre\lib\deploy.jar;C:\Java\jdk1.8.0_191\jre\lib\ext\access-bridge-64.jar;C:\Java\jdk1.8.0_191\jre\lib\ext\cldrdata.jar;C:\Java\jdk1.8.0_191\jre\lib\ext\dnsns.jar;C:\Java\jdk1.8.0_191\jre\lib\ext\jaccess.jar;C:\Java\jdk1.8.0_191\jre\lib\ext\jfxrt.jar;C:\Java\jdk1.8.0_191\jre\lib\ext\localedata.jar;C:\Java\jdk1.8.0_191\jre\lib\ext\nashorn.jar;C:\Java\jdk1.8.0_191\jre\lib\ext\sunec.jar;C:\Java\jdk1.8.0_191\jre\lib\ext\sunjce_provider.jar;C:\Java\jdk1.8.0_191\jre\lib\ext\sunmscapi.jar;C:\Java\jdk1.8.0_191\jre\lib\ext\sunpkcs11.jar;C:\Java\jdk1.8.0_191\jre\lib\ext\zipfs.jar;C:\Java\jdk1.8.0_191\jre\lib\javaws.jar;C:\Java\jdk1.8.0_191\jre\lib\jce.jar;C:\Java\jdk1.8.0_191\jre\lib\jfr.jar;C:\Java\jdk1.8.0_191\jre\lib\jfxswt.jar;C:\Java\jdk1.8.0_191\jre\lib\jsse.jar;C:\Java\jdk1.8.0_191\jre\lib\management-agent.jar;C:\Java\jdk1.8.0_191\jre\lib\plugin.jar;C:\Java\jdk1.8.0_191\jre\lib\resources.jar;C:\Java\jdk1.8.0_191\jre\lib\rt.jar;C:\SpringBootWorks\SpringJWT\build\classes\java\main;C:\SpringBootWorks\SpringJWT\build\resources\main;C:\Users\hglee\.gradle\caches\modules-2\files-2.1\org.projectlombok\lombok\1.18.24\13a394eed5c4f9efb2a6d956e2086f1d81e857d9\lombok-1.18.24.jar;C:\Users\hglee\.gradle\caches\modules-2\files-2.1\org.springframework.boot\spring-boot-starter-data-jpa\2.7.4\d7eca5c4ca2ccba19256efb90ef75672292e5bc\spring-boot-starter-data-jpa-2.7.4.jar;C:\Users\hglee\.gradle\caches\modules-2\files-2.1\org.springframework.boot\spring-boot-starter-security\2.7.4\f0b5b9797293baca0e0190ecb626c125ca5e9b60\spring-boot-starter-security-2.7.4.jar;C:\Users\hglee\.gradle\caches\modules-2\files-2.1\org.springframework.boot\spring-boot-starter-web\2.7.4\ab112abef321c0b9dd4ac416982fb706a2634d18\spring-boot-starter-web-2.7.4.jar;C:\Users\hglee\.gradle\caches\modules-2\files-2.1\io.jsonwebtoken\jjwt\0.9.1\54d2abfc3e63a28824d35bf600d6a5d627da681a\jjwt-0.9.1.jar;C:\Users\hglee\.gradle\caches\mod
Launcher Type: SUN_STANDARD

Environment Variables:
PATH=C:\Program Files (x86)\Common Files\Oracle\Java\javapath;C:\oraclexe\app\oracle\product\11.2.0\server\bin;C:\Program Files\NVIDIA GPU Computing Toolkit\CUDA\v11.0\bin;C:\Program Files\NVIDIA GPU Computing Toolkit\CUDA\v11.0\libnvvp;C:\oraclexe\app\oracle\product\11.2.0\server\bin;C:\WINDOWS\system32;C:\WINDOWS;C:\WINDOWS\System32\Wbem;C:\WINDOWS\System32\WindowsPowerShell\v1.0\;C:\WINDOWS\System32\OpenSSH\;C:\Program Files\PuTTY\;C:\Cloud Foundry;C:\Program Files\NVIDIA Corporation\Nsight Compute 2020.1.1\;C:\Program Files (x86)\NVIDIA Corporation\PhysX\Common;C:\Program Files\NVIDIA Corporation\NVIDIA NvDLISR;C:\Program Files (x86)\NetSarang\Xshell 7\;C:\Program Files (x86)\NetSarang\Xftp 7\;C:\Program Files\Git\cmd;C:\Python36\Scripts\;C:\Python36\;C:\Users\hglee\AppData\Local\Microsoft\WindowsApps;C:\Users\hglee\AppData\Local\GitHubDesktop\bin;C:\Users\hglee\AppData\Local\Microsoft\WindowsApps;C:\Program Files\JetBrains\PyCharm 2021.2.2\bin;;
USERNAME=hglee
OS=Windows_NT
PROCESSOR_IDENTIFIER=Intel64 Family 6 Model 158 Stepping 10, GenuineIntel



---------------  S Y S T E M  ---------------

OS: Windows 10.0 , 64 bit Build 19041 (10.0.19041.1889)

CPU:total 12 (initial active 12) (6 cores per cpu, 2 threads per core) family 6 model 158 stepping 10, cmov, cx8, fxsr, mmx, sse, sse2, sse3, ssse3, sse4.1, sse4.2, popcnt, avx, avx2, aes, clmul, erms, rtm, 3dnowpref, lzcnt, ht, tsc, tscinvbit, bmi1, bmi2, adx

Memory: 4k page, physical 16710408k(3972004k free), swap 67042056k(4072k free)

vm_info: Java HotSpot(TM) 64-Bit Server VM (25.191-b12) for windows-amd64 JRE (1.8.0_191-b12), built on Oct  6 2018 09:29:03 by "java_re" with MS VC++ 10.0 (VS2010)

time: Mon Oct 10 07:57:31 2022
elapsed time: 227572 seconds (2d 15h 12m 52s)

